<?xml version="1.0" encoding="UTF-8"?>
<coverage generated="1733864098813" clover="3.2.0">
  <project timestamp="1733864098814" name="All files">
    <metrics statements="862" coveredstatements="521" conditionals="90" coveredconditionals="71" methods="31" coveredmethods="18" elements="983" coveredelements="610" complexity="0" loc="862" ncloc="862" packages="9" files="15" classes="15"/>
    <package name="src">
      <metrics statements="17" coveredstatements="0" conditionals="2" coveredconditionals="0" methods="2" coveredmethods="0"/>
      <file name="App.tsx" path="C:\Users\house\Documents\projects\sample-main\sample-main\src\App.tsx">
        <metrics statements="7" coveredstatements="0" conditionals="1" coveredconditionals="0" methods="1" coveredmethods="0"/>
        <line num="1" count="0" type="cond" truecount="0" falsecount="1"/>
        <line num="5" count="0" type="stmt"/>
        <line num="6" count="0" type="stmt"/>
        <line num="7" count="0" type="stmt"/>
        <line num="9" count="0" type="stmt"/>
        <line num="10" count="0" type="stmt"/>
        <line num="12" count="0" type="stmt"/>
      </file>
      <file name="main.tsx" path="C:\Users\house\Documents\projects\sample-main\sample-main\src\main.tsx">
        <metrics statements="10" coveredstatements="0" conditionals="1" coveredconditionals="0" methods="1" coveredmethods="0"/>
        <line num="1" count="0" type="cond" truecount="0" falsecount="1"/>
        <line num="2" count="0" type="stmt"/>
        <line num="3" count="0" type="stmt"/>
        <line num="4" count="0" type="stmt"/>
        <line num="7" count="0" type="stmt"/>
        <line num="9" count="0" type="stmt"/>
        <line num="10" count="0" type="stmt"/>
        <line num="11" count="0" type="stmt"/>
        <line num="12" count="0" type="stmt"/>
        <line num="13" count="0" type="stmt"/>
      </file>
    </package>
    <package name="src.containers.Instruments">
      <metrics statements="166" coveredstatements="0" conditionals="1" coveredconditionals="0" methods="1" coveredmethods="0"/>
      <file name="Instruments.tsx" path="C:\Users\house\Documents\projects\sample-main\sample-main\src\containers\Instruments\Instruments.tsx">
        <metrics statements="166" coveredstatements="0" conditionals="1" coveredconditionals="0" methods="1" coveredmethods="0"/>
        <line num="1" count="0" type="cond" truecount="0" falsecount="1"/>
        <line num="41" count="0" type="stmt"/>
        <line num="42" count="0" type="stmt"/>
        <line num="43" count="0" type="stmt"/>
        <line num="44" count="0" type="stmt"/>
        <line num="45" count="0" type="stmt"/>
        <line num="46" count="0" type="stmt"/>
        <line num="48" count="0" type="stmt"/>
        <line num="49" count="0" type="stmt"/>
        <line num="50" count="0" type="stmt"/>
        <line num="51" count="0" type="stmt"/>
        <line num="52" count="0" type="stmt"/>
        <line num="54" count="0" type="stmt"/>
        <line num="55" count="0" type="stmt"/>
        <line num="56" count="0" type="stmt"/>
        <line num="57" count="0" type="stmt"/>
        <line num="58" count="0" type="stmt"/>
        <line num="59" count="0" type="stmt"/>
        <line num="60" count="0" type="stmt"/>
        <line num="61" count="0" type="stmt"/>
        <line num="62" count="0" type="stmt"/>
        <line num="63" count="0" type="stmt"/>
        <line num="64" count="0" type="stmt"/>
        <line num="65" count="0" type="stmt"/>
        <line num="66" count="0" type="stmt"/>
        <line num="67" count="0" type="stmt"/>
        <line num="68" count="0" type="stmt"/>
        <line num="69" count="0" type="stmt"/>
        <line num="70" count="0" type="stmt"/>
        <line num="72" count="0" type="stmt"/>
        <line num="73" count="0" type="stmt"/>
        <line num="75" count="0" type="stmt"/>
        <line num="76" count="0" type="stmt"/>
        <line num="77" count="0" type="stmt"/>
        <line num="79" count="0" type="stmt"/>
        <line num="81" count="0" type="stmt"/>
        <line num="82" count="0" type="stmt"/>
        <line num="83" count="0" type="stmt"/>
        <line num="85" count="0" type="stmt"/>
        <line num="86" count="0" type="stmt"/>
        <line num="87" count="0" type="stmt"/>
        <line num="88" count="0" type="stmt"/>
        <line num="89" count="0" type="stmt"/>
        <line num="92" count="0" type="stmt"/>
        <line num="93" count="0" type="stmt"/>
        <line num="94" count="0" type="stmt"/>
        <line num="95" count="0" type="stmt"/>
        <line num="96" count="0" type="stmt"/>
        <line num="97" count="0" type="stmt"/>
        <line num="98" count="0" type="stmt"/>
        <line num="99" count="0" type="stmt"/>
        <line num="100" count="0" type="stmt"/>
        <line num="101" count="0" type="stmt"/>
        <line num="102" count="0" type="stmt"/>
        <line num="103" count="0" type="stmt"/>
        <line num="105" count="0" type="stmt"/>
        <line num="106" count="0" type="stmt"/>
        <line num="107" count="0" type="stmt"/>
        <line num="108" count="0" type="stmt"/>
        <line num="109" count="0" type="stmt"/>
        <line num="111" count="0" type="stmt"/>
        <line num="112" count="0" type="stmt"/>
        <line num="113" count="0" type="stmt"/>
        <line num="114" count="0" type="stmt"/>
        <line num="115" count="0" type="stmt"/>
        <line num="116" count="0" type="stmt"/>
        <line num="118" count="0" type="stmt"/>
        <line num="119" count="0" type="stmt"/>
        <line num="120" count="0" type="stmt"/>
        <line num="121" count="0" type="stmt"/>
        <line num="122" count="0" type="stmt"/>
        <line num="123" count="0" type="stmt"/>
        <line num="124" count="0" type="stmt"/>
        <line num="125" count="0" type="stmt"/>
        <line num="126" count="0" type="stmt"/>
        <line num="127" count="0" type="stmt"/>
        <line num="128" count="0" type="stmt"/>
        <line num="129" count="0" type="stmt"/>
        <line num="130" count="0" type="stmt"/>
        <line num="131" count="0" type="stmt"/>
        <line num="132" count="0" type="stmt"/>
        <line num="133" count="0" type="stmt"/>
        <line num="134" count="0" type="stmt"/>
        <line num="135" count="0" type="stmt"/>
        <line num="136" count="0" type="stmt"/>
        <line num="138" count="0" type="stmt"/>
        <line num="139" count="0" type="stmt"/>
        <line num="140" count="0" type="stmt"/>
        <line num="141" count="0" type="stmt"/>
        <line num="142" count="0" type="stmt"/>
        <line num="144" count="0" type="stmt"/>
        <line num="145" count="0" type="stmt"/>
        <line num="146" count="0" type="stmt"/>
        <line num="147" count="0" type="stmt"/>
        <line num="148" count="0" type="stmt"/>
        <line num="149" count="0" type="stmt"/>
        <line num="150" count="0" type="stmt"/>
        <line num="152" count="0" type="stmt"/>
        <line num="153" count="0" type="stmt"/>
        <line num="154" count="0" type="stmt"/>
        <line num="155" count="0" type="stmt"/>
        <line num="157" count="0" type="stmt"/>
        <line num="158" count="0" type="stmt"/>
        <line num="159" count="0" type="stmt"/>
        <line num="161" count="0" type="stmt"/>
        <line num="162" count="0" type="stmt"/>
        <line num="163" count="0" type="stmt"/>
        <line num="164" count="0" type="stmt"/>
        <line num="165" count="0" type="stmt"/>
        <line num="166" count="0" type="stmt"/>
        <line num="167" count="0" type="stmt"/>
        <line num="168" count="0" type="stmt"/>
        <line num="169" count="0" type="stmt"/>
        <line num="170" count="0" type="stmt"/>
        <line num="171" count="0" type="stmt"/>
        <line num="173" count="0" type="stmt"/>
        <line num="174" count="0" type="stmt"/>
        <line num="175" count="0" type="stmt"/>
        <line num="176" count="0" type="stmt"/>
        <line num="177" count="0" type="stmt"/>
        <line num="178" count="0" type="stmt"/>
        <line num="179" count="0" type="stmt"/>
        <line num="180" count="0" type="stmt"/>
        <line num="181" count="0" type="stmt"/>
        <line num="182" count="0" type="stmt"/>
        <line num="183" count="0" type="stmt"/>
        <line num="185" count="0" type="stmt"/>
        <line num="186" count="0" type="stmt"/>
        <line num="187" count="0" type="stmt"/>
        <line num="188" count="0" type="stmt"/>
        <line num="189" count="0" type="stmt"/>
        <line num="190" count="0" type="stmt"/>
        <line num="191" count="0" type="stmt"/>
        <line num="194" count="0" type="stmt"/>
        <line num="195" count="0" type="stmt"/>
        <line num="196" count="0" type="stmt"/>
        <line num="197" count="0" type="stmt"/>
        <line num="198" count="0" type="stmt"/>
        <line num="199" count="0" type="stmt"/>
        <line num="200" count="0" type="stmt"/>
        <line num="201" count="0" type="stmt"/>
        <line num="202" count="0" type="stmt"/>
        <line num="203" count="0" type="stmt"/>
        <line num="204" count="0" type="stmt"/>
        <line num="206" count="0" type="stmt"/>
        <line num="207" count="0" type="stmt"/>
        <line num="208" count="0" type="stmt"/>
        <line num="209" count="0" type="stmt"/>
        <line num="210" count="0" type="stmt"/>
        <line num="211" count="0" type="stmt"/>
        <line num="212" count="0" type="stmt"/>
        <line num="214" count="0" type="stmt"/>
        <line num="215" count="0" type="stmt"/>
        <line num="216" count="0" type="stmt"/>
        <line num="217" count="0" type="stmt"/>
        <line num="218" count="0" type="stmt"/>
        <line num="220" count="0" type="stmt"/>
        <line num="221" count="0" type="stmt"/>
        <line num="222" count="0" type="stmt"/>
        <line num="223" count="0" type="stmt"/>
        <line num="224" count="0" type="stmt"/>
        <line num="226" count="0" type="stmt"/>
        <line num="227" count="0" type="stmt"/>
        <line num="228" count="0" type="stmt"/>
        <line num="229" count="0" type="stmt"/>
        <line num="231" count="0" type="stmt"/>
      </file>
    </package>
    <package name="src.containers.MonitoredComponent">
      <metrics statements="29" coveredstatements="0" conditionals="1" coveredconditionals="0" methods="1" coveredmethods="0"/>
      <file name="MonitoredComponent.tsx" path="C:\Users\house\Documents\projects\sample-main\sample-main\src\containers\MonitoredComponent\MonitoredComponent.tsx">
        <metrics statements="29" coveredstatements="0" conditionals="1" coveredconditionals="0" methods="1" coveredmethods="0"/>
        <line num="1" count="0" type="cond" truecount="0" falsecount="1"/>
        <line num="4" count="0" type="stmt"/>
        <line num="5" count="0" type="stmt"/>
        <line num="6" count="0" type="stmt"/>
        <line num="7" count="0" type="stmt"/>
        <line num="8" count="0" type="stmt"/>
        <line num="10" count="0" type="stmt"/>
        <line num="11" count="0" type="stmt"/>
        <line num="12" count="0" type="stmt"/>
        <line num="13" count="0" type="stmt"/>
        <line num="14" count="0" type="stmt"/>
        <line num="15" count="0" type="stmt"/>
        <line num="16" count="0" type="stmt"/>
        <line num="17" count="0" type="stmt"/>
        <line num="19" count="0" type="stmt"/>
        <line num="22" count="0" type="stmt"/>
        <line num="23" count="0" type="stmt"/>
        <line num="24" count="0" type="stmt"/>
        <line num="25" count="0" type="stmt"/>
        <line num="27" count="0" type="stmt"/>
        <line num="28" count="0" type="stmt"/>
        <line num="29" count="0" type="stmt"/>
        <line num="31" count="0" type="stmt"/>
        <line num="32" count="0" type="stmt"/>
        <line num="33" count="0" type="stmt"/>
        <line num="34" count="0" type="stmt"/>
        <line num="36" count="0" type="stmt"/>
        <line num="37" count="0" type="stmt"/>
        <line num="39" count="0" type="stmt"/>
      </file>
    </package>
    <package name="src.error_intercept">
      <metrics statements="36" coveredstatements="0" conditionals="1" coveredconditionals="0" methods="1" coveredmethods="0"/>
      <file name="TestGQLError.tsx" path="C:\Users\house\Documents\projects\sample-main\sample-main\src\error_intercept\TestGQLError.tsx">
        <metrics statements="36" coveredstatements="0" conditionals="1" coveredconditionals="0" methods="1" coveredmethods="0"/>
        <line num="1" count="0" type="cond" truecount="0" falsecount="1"/>
        <line num="5" count="0" type="stmt"/>
        <line num="13" count="0" type="stmt"/>
        <line num="21" count="0" type="stmt"/>
        <line num="22" count="0" type="stmt"/>
        <line num="23" count="0" type="stmt"/>
        <line num="24" count="0" type="stmt"/>
        <line num="26" count="0" type="stmt"/>
        <line num="28" count="0" type="stmt"/>
        <line num="29" count="0" type="stmt"/>
        <line num="30" count="0" type="stmt"/>
        <line num="31" count="0" type="stmt"/>
        <line num="32" count="0" type="stmt"/>
        <line num="33" count="0" type="stmt"/>
        <line num="34" count="0" type="stmt"/>
        <line num="36" count="0" type="stmt"/>
        <line num="37" count="0" type="stmt"/>
        <line num="38" count="0" type="stmt"/>
        <line num="39" count="0" type="stmt"/>
        <line num="40" count="0" type="stmt"/>
        <line num="41" count="0" type="stmt"/>
        <line num="42" count="0" type="stmt"/>
        <line num="44" count="0" type="stmt"/>
        <line num="45" count="0" type="stmt"/>
        <line num="46" count="0" type="stmt"/>
        <line num="47" count="0" type="stmt"/>
        <line num="48" count="0" type="stmt"/>
        <line num="49" count="0" type="stmt"/>
        <line num="51" count="0" type="stmt"/>
        <line num="53" count="0" type="stmt"/>
        <line num="54" count="0" type="stmt"/>
        <line num="55" count="0" type="stmt"/>
        <line num="56" count="0" type="stmt"/>
        <line num="58" count="0" type="stmt"/>
        <line num="59" count="0" type="stmt"/>
        <line num="61" count="0" type="stmt"/>
      </file>
    </package>
    <package name="src.error_intercept.apollo">
      <metrics statements="69" coveredstatements="49" conditionals="11" coveredconditionals="9" methods="3" coveredmethods="2"/>
      <file name="client.ts" path="C:\Users\house\Documents\projects\sample-main\sample-main\src\error_intercept\apollo\client.ts">
        <metrics statements="20" coveredstatements="0" conditionals="1" coveredconditionals="0" methods="1" coveredmethods="0"/>
        <line num="1" count="0" type="cond" truecount="0" falsecount="1"/>
        <line num="5" count="0" type="stmt"/>
        <line num="6" count="0" type="stmt"/>
        <line num="7" count="0" type="stmt"/>
        <line num="9" count="0" type="stmt"/>
        <line num="10" count="0" type="stmt"/>
        <line num="11" count="0" type="stmt"/>
        <line num="12" count="0" type="stmt"/>
        <line num="13" count="0" type="stmt"/>
        <line num="14" count="0" type="stmt"/>
        <line num="15" count="0" type="stmt"/>
        <line num="16" count="0" type="stmt"/>
        <line num="17" count="0" type="stmt"/>
        <line num="18" count="0" type="stmt"/>
        <line num="19" count="0" type="stmt"/>
        <line num="20" count="0" type="stmt"/>
        <line num="21" count="0" type="stmt"/>
        <line num="22" count="0" type="stmt"/>
        <line num="23" count="0" type="stmt"/>
        <line num="24" count="0" type="stmt"/>
      </file>
      <file name="errorLink.ts" path="C:\Users\house\Documents\projects\sample-main\sample-main\src\error_intercept\apollo\errorLink.ts">
        <metrics statements="49" coveredstatements="49" conditionals="10" coveredconditionals="9" methods="2" coveredmethods="2"/>
        <line num="1" count="1" type="stmt"/>
        <line num="12" count="1" type="cond" truecount="1" falsecount="0"/>
        <line num="13" count="1" type="stmt"/>
        <line num="14" count="1" type="stmt"/>
        <line num="15" count="1" type="stmt"/>
        <line num="16" count="1" type="stmt"/>
        <line num="17" count="1" type="stmt"/>
        <line num="19" count="1" type="cond" truecount="1" falsecount="0"/>
        <line num="21" count="2" type="stmt"/>
        <line num="23" count="2" type="cond" truecount="1" falsecount="0"/>
        <line num="24" count="3" type="cond" truecount="1" falsecount="0"/>
        <line num="25" count="1" type="cond" truecount="1" falsecount="0"/>
        <line num="28" count="1" type="cond" truecount="1" falsecount="0"/>
        <line num="29" count="1" type="stmt"/>
        <line num="30" count="1" type="stmt"/>
        <line num="31" count="1" type="stmt"/>
        <line num="32" count="1" type="cond" truecount="0" falsecount="1"/>
        <line num="33" count="1" type="stmt"/>
        <line num="35" count="1" type="stmt"/>
        <line num="36" count="1" type="stmt"/>
        <line num="37" count="1" type="stmt"/>
        <line num="38" count="1" type="stmt"/>
        <line num="39" count="1" type="stmt"/>
        <line num="40" count="1" type="stmt"/>
        <line num="41" count="1" type="stmt"/>
        <line num="42" count="1" type="stmt"/>
        <line num="44" count="1" type="stmt"/>
        <line num="45" count="1" type="stmt"/>
        <line num="46" count="1" type="stmt"/>
        <line num="47" count="1" type="stmt"/>
        <line num="49" count="3" type="cond" truecount="1" falsecount="0"/>
        <line num="51" count="2" type="cond" truecount="1" falsecount="0"/>
        <line num="52" count="2" type="stmt"/>
        <line num="53" count="2" type="stmt"/>
        <line num="54" count="2" type="stmt"/>
        <line num="55" count="2" type="cond" truecount="1" falsecount="0"/>
        <line num="56" count="2" type="stmt"/>
        <line num="58" count="2" type="stmt"/>
        <line num="59" count="2" type="stmt"/>
        <line num="60" count="2" type="stmt"/>
        <line num="61" count="2" type="stmt"/>
        <line num="62" count="2" type="stmt"/>
        <line num="63" count="2" type="stmt"/>
        <line num="64" count="2" type="stmt"/>
        <line num="66" count="2" type="stmt"/>
        <line num="67" count="2" type="stmt"/>
        <line num="68" count="2" type="stmt"/>
        <line num="69" count="2" type="stmt"/>
        <line num="70" count="2" type="stmt"/>
      </file>
    </package>
    <package name="src.error_intercept.components">
      <metrics statements="378" coveredstatements="346" conditionals="45" coveredconditionals="37" methods="13" coveredmethods="10"/>
      <file name="ErrorBoundary.tsx" path="C:\Users\house\Documents\projects\sample-main\sample-main\src\error_intercept\components\ErrorBoundary.tsx">
        <metrics statements="11" coveredstatements="0" conditionals="1" coveredconditionals="0" methods="1" coveredmethods="0"/>
        <line num="1" count="0" type="cond" truecount="0" falsecount="1"/>
        <line num="11" count="0" type="stmt"/>
        <line num="12" count="0" type="stmt"/>
        <line num="13" count="0" type="stmt"/>
        <line num="14" count="0" type="stmt"/>
        <line num="15" count="0" type="stmt"/>
        <line num="17" count="0" type="stmt"/>
        <line num="18" count="0" type="stmt"/>
        <line num="19" count="0" type="stmt"/>
        <line num="21" count="0" type="stmt"/>
        <line num="22" count="0" type="stmt"/>
      </file>
      <file name="ProductListing.tsx" path="C:\Users\house\Documents\projects\sample-main\sample-main\src\error_intercept\components\ProductListing.tsx">
        <metrics statements="297" coveredstatements="276" conditionals="41" coveredconditionals="34" methods="12" coveredmethods="10"/>
        <line num="1" count="1" type="stmt"/>
        <line num="2" count="1" type="stmt"/>
        <line num="3" count="1" type="stmt"/>
        <line num="8" count="1" type="stmt"/>
        <line num="11" count="1" type="stmt"/>
        <line num="12" count="1" type="stmt"/>
        <line num="14" count="1" type="stmt"/>
        <line num="15" count="1" type="stmt"/>
        <line num="16" count="1" type="stmt"/>
        <line num="17" count="1" type="stmt"/>
        <line num="18" count="1" type="stmt"/>
        <line num="19" count="1" type="stmt"/>
        <line num="34" count="1" type="cond" truecount="1" falsecount="0"/>
        <line num="35" count="50" type="stmt"/>
        <line num="36" count="50" type="stmt"/>
        <line num="37" count="50" type="stmt"/>
        <line num="38" count="50" type="stmt"/>
        <line num="39" count="50" type="stmt"/>
        <line num="40" count="50" type="stmt"/>
        <line num="41" count="50" type="stmt"/>
        <line num="42" count="50" type="stmt"/>
        <line num="43" count="50" type="stmt"/>
        <line num="44" count="50" type="stmt"/>
        <line num="45" count="50" type="stmt"/>
        <line num="46" count="50" type="stmt"/>
        <line num="48" count="50" type="stmt"/>
        <line num="49" count="50" type="cond" truecount="1" falsecount="0"/>
        <line num="50" count="32" type="stmt"/>
        <line num="51" count="32" type="stmt"/>
        <line num="52" count="32" type="stmt"/>
        <line num="53" count="32" type="stmt"/>
        <line num="54" count="32" type="stmt"/>
        <line num="55" count="32" type="cond" truecount="1" falsecount="0"/>
        <line num="57" count="32" type="stmt"/>
        <line num="58" count="32" type="stmt"/>
        <line num="60" count="32" type="cond" truecount="1" falsecount="0"/>
        <line num="61" count="2" type="cond" truecount="1" falsecount="0"/>
        <line num="62" count="2" type="stmt"/>
        <line num="64" count="32" type="cond" truecount="1" falsecount="0"/>
        <line num="65" count="6" type="cond" truecount="1" falsecount="0"/>
        <line num="66" count="3000" type="stmt"/>
        <line num="67" count="6" type="stmt"/>
        <line num="68" count="6" type="stmt"/>
        <line num="71" count="32" type="stmt"/>
        <line num="72" count="32" type="stmt"/>
        <line num="73" count="32" type="stmt"/>
        <line num="74" count="32" type="stmt"/>
        <line num="75" count="32" type="stmt"/>
        <line num="76" count="32" type="stmt"/>
        <line num="78" count="32" type="cond" truecount="1" falsecount="0"/>
        <line num="79" count="32" type="stmt"/>
        <line num="80" count="32" type="stmt"/>
        <line num="81" count="32" type="stmt"/>
        <line num="82" count="32" type="stmt"/>
        <line num="83" count="32" type="stmt"/>
        <line num="84" count="32" type="stmt"/>
        <line num="85" count="32" type="stmt"/>
        <line num="86" count="32" type="stmt"/>
        <line num="87" count="32" type="stmt"/>
        <line num="88" count="32" type="stmt"/>
        <line num="89" count="32" type="stmt"/>
        <line num="90" count="32" type="stmt"/>
        <line num="91" count="32" type="cond" truecount="0" falsecount="1"/>
        <line num="92" count="0" type="stmt"/>
        <line num="93" count="0" type="stmt"/>
        <line num="94" count="0" type="stmt"/>
        <line num="95" count="0" type="stmt"/>
        <line num="96" count="0" type="stmt"/>
        <line num="97" count="0" type="stmt"/>
        <line num="98" count="32" type="stmt"/>
        <line num="99" count="50" type="stmt"/>
        <line num="100" count="50" type="stmt"/>
        <line num="102" count="50" type="stmt"/>
        <line num="103" count="50" type="cond" truecount="1" falsecount="0"/>
        <line num="104" count="3" type="stmt"/>
        <line num="105" count="3" type="stmt"/>
        <line num="106" count="3" type="stmt"/>
        <line num="107" count="3" type="stmt"/>
        <line num="108" count="50" type="stmt"/>
        <line num="109" count="50" type="stmt"/>
        <line num="112" count="50" type="stmt"/>
        <line num="113" count="50" type="stmt"/>
        <line num="114" count="0" type="stmt"/>
        <line num="115" count="0" type="stmt"/>
        <line num="116" count="0" type="stmt"/>
        <line num="117" count="0" type="stmt"/>
        <line num="118" count="0" type="stmt"/>
        <line num="119" count="0" type="stmt"/>
        <line num="120" count="0" type="stmt"/>
        <line num="121" count="0" type="stmt"/>
        <line num="122" count="0" type="stmt"/>
        <line num="124" count="0" type="stmt"/>
        <line num="125" count="0" type="stmt"/>
        <line num="126" count="50" type="stmt"/>
        <line num="127" count="50" type="stmt"/>
        <line num="129" count="50" type="stmt"/>
        <line num="130" count="50" type="cond" truecount="1" falsecount="0"/>
        <line num="131" count="2" type="cond" truecount="0" falsecount="1"/>
        <line num="132" count="2" type="cond" truecount="1" falsecount="0"/>
        <line num="133" count="2" type="stmt"/>
        <line num="134" count="2" type="stmt"/>
        <line num="135" count="50" type="stmt"/>
        <line num="136" count="50" type="stmt"/>
        <line num="138" count="50" type="stmt"/>
        <line num="139" count="50" type="cond" truecount="1" falsecount="0"/>
        <line num="140" count="6" type="cond" truecount="0" falsecount="1"/>
        <line num="141" count="6" type="cond" truecount="1" falsecount="0"/>
        <line num="142" count="6" type="stmt"/>
        <line num="143" count="6" type="stmt"/>
        <line num="144" count="50" type="stmt"/>
        <line num="145" count="50" type="stmt"/>
        <line num="147" count="50" type="cond" truecount="1" falsecount="0"/>
        <line num="148" count="3" type="cond" truecount="0" falsecount="1"/>
        <line num="149" count="3" type="cond" truecount="1" falsecount="0"/>
        <line num="150" count="3" type="stmt"/>
        <line num="151" count="3" type="stmt"/>
        <line num="152" count="3" type="stmt"/>
        <line num="153" count="3" type="stmt"/>
        <line num="154" count="3" type="stmt"/>
        <line num="155" count="50" type="stmt"/>
        <line num="157" count="50" type="cond" truecount="1" falsecount="0"/>
        <line num="158" count="18" type="stmt"/>
        <line num="159" count="50" type="stmt"/>
        <line num="161" count="50" type="stmt"/>
        <line num="162" count="50" type="stmt"/>
        <line num="163" count="50" type="stmt"/>
        <line num="164" count="50" type="stmt"/>
        <line num="165" count="50" type="stmt"/>
        <line num="166" count="50" type="stmt"/>
        <line num="167" count="50" type="stmt"/>
        <line num="168" count="50" type="stmt"/>
        <line num="169" count="50" type="stmt"/>
        <line num="170" count="50" type="stmt"/>
        <line num="171" count="50" type="stmt"/>
        <line num="172" count="50" type="stmt"/>
        <line num="173" count="50" type="stmt"/>
        <line num="174" count="50" type="stmt"/>
        <line num="176" count="1" type="cond" truecount="1" falsecount="0"/>
        <line num="177" count="51" type="stmt"/>
        <line num="179" count="51" type="stmt"/>
        <line num="180" count="51" type="stmt"/>
        <line num="181" count="51" type="stmt"/>
        <line num="182" count="51" type="stmt"/>
        <line num="183" count="51" type="stmt"/>
        <line num="184" count="51" type="stmt"/>
        <line num="185" count="51" type="stmt"/>
        <line num="186" count="51" type="stmt"/>
        <line num="187" count="51" type="stmt"/>
        <line num="188" count="51" type="stmt"/>
        <line num="189" count="51" type="stmt"/>
        <line num="190" count="51" type="stmt"/>
        <line num="191" count="51" type="stmt"/>
        <line num="193" count="51" type="stmt"/>
        <line num="194" count="51" type="stmt"/>
        <line num="195" count="51" type="stmt"/>
        <line num="196" count="51" type="stmt"/>
        <line num="197" count="51" type="stmt"/>
        <line num="198" count="51" type="stmt"/>
        <line num="199" count="51" type="stmt"/>
        <line num="201" count="51" type="cond" truecount="1" falsecount="0"/>
        <line num="202" count="6" type="stmt"/>
        <line num="203" count="6" type="stmt"/>
        <line num="205" count="51" type="cond" truecount="1" falsecount="0"/>
        <line num="206" count="2" type="cond" truecount="0" falsecount="1"/>
        <line num="207" count="2" type="stmt"/>
        <line num="209" count="51" type="stmt"/>
        <line num="210" count="0" type="stmt"/>
        <line num="211" count="0" type="stmt"/>
        <line num="212" count="0" type="stmt"/>
        <line num="213" count="0" type="stmt"/>
        <line num="215" count="51" type="cond" truecount="1" falsecount="0"/>
        <line num="216" count="3" type="stmt"/>
        <line num="217" count="3" type="stmt"/>
        <line num="218" count="3" type="stmt"/>
        <line num="220" count="51" type="cond" truecount="1" falsecount="0"/>
        <line num="221" count="320" type="cond" truecount="2" falsecount="0"/>
        <line num="222" count="268" type="stmt"/>
        <line num="223" count="268" type="stmt"/>
        <line num="224" count="268" type="cond" truecount="1" falsecount="0"/>
        <line num="225" count="432" type="stmt"/>
        <line num="226" count="432" type="stmt"/>
        <line num="227" count="432" type="stmt"/>
        <line num="228" count="268" type="stmt"/>
        <line num="229" count="268" type="stmt"/>
        <line num="231" count="320" type="stmt"/>
        <line num="233" count="51" type="cond" truecount="1" falsecount="0"/>
        <line num="234" count="320" type="stmt"/>
        <line num="235" count="320" type="cond" truecount="0" falsecount="1"/>
        <line num="237" count="320" type="stmt"/>
        <line num="238" count="320" type="stmt"/>
        <line num="239" count="320" type="stmt"/>
        <line num="240" count="320" type="stmt"/>
        <line num="242" count="320" type="stmt"/>
        <line num="244" count="51" type="stmt"/>
        <line num="245" count="51" type="stmt"/>
        <line num="246" count="51" type="stmt"/>
        <line num="247" count="51" type="stmt"/>
        <line num="248" count="51" type="stmt"/>
        <line num="249" count="51" type="stmt"/>
        <line num="250" count="51" type="stmt"/>
        <line num="251" count="51" type="stmt"/>
        <line num="252" count="51" type="stmt"/>
        <line num="253" count="51" type="stmt"/>
        <line num="254" count="51" type="stmt"/>
        <line num="255" count="51" type="stmt"/>
        <line num="256" count="51" type="stmt"/>
        <line num="258" count="51" type="stmt"/>
        <line num="259" count="51" type="stmt"/>
        <line num="260" count="51" type="stmt"/>
        <line num="261" count="51" type="stmt"/>
        <line num="262" count="51" type="stmt"/>
        <line num="263" count="51" type="stmt"/>
        <line num="264" count="51" type="stmt"/>
        <line num="266" count="51" type="stmt"/>
        <line num="267" count="51" type="stmt"/>
        <line num="268" count="51" type="stmt"/>
        <line num="269" count="51" type="stmt"/>
        <line num="270" count="51" type="stmt"/>
        <line num="271" count="51" type="cond" truecount="2" falsecount="0"/>
        <line num="272" count="51" type="stmt"/>
        <line num="273" count="51" type="stmt"/>
        <line num="274" count="51" type="stmt"/>
        <line num="275" count="51" type="stmt"/>
        <line num="276" count="51" type="stmt"/>
        <line num="277" count="51" type="stmt"/>
        <line num="278" count="51" type="stmt"/>
        <line num="280" count="51" type="stmt"/>
        <line num="281" count="51" type="stmt"/>
        <line num="283" count="51" type="cond" truecount="0" falsecount="1"/>
        <line num="285" count="51" type="stmt"/>
        <line num="286" count="51" type="stmt"/>
        <line num="287" count="51" type="stmt"/>
        <line num="288" count="51" type="stmt"/>
        <line num="289" count="51" type="cond" truecount="1" falsecount="0"/>
        <line num="290" count="320" type="stmt"/>
        <line num="291" count="320" type="stmt"/>
        <line num="292" count="320" type="stmt"/>
        <line num="293" count="320" type="stmt"/>
        <line num="295" count="320" type="stmt"/>
        <line num="296" count="320" type="stmt"/>
        <line num="297" count="320" type="stmt"/>
        <line num="298" count="320" type="stmt"/>
        <line num="299" count="320" type="stmt"/>
        <line num="300" count="320" type="stmt"/>
        <line num="301" count="320" type="stmt"/>
        <line num="302" count="320" type="stmt"/>
        <line num="303" count="320" type="stmt"/>
        <line num="304" count="320" type="stmt"/>
        <line num="305" count="320" type="stmt"/>
        <line num="306" count="320" type="stmt"/>
        <line num="307" count="320" type="stmt"/>
        <line num="308" count="320" type="stmt"/>
        <line num="309" count="320" type="stmt"/>
        <line num="310" count="320" type="stmt"/>
        <line num="311" count="320" type="stmt"/>
        <line num="312" count="320" type="stmt"/>
        <line num="313" count="320" type="stmt"/>
        <line num="314" count="320" type="stmt"/>
        <line num="315" count="320" type="stmt"/>
        <line num="316" count="320" type="stmt"/>
        <line num="317" count="320" type="stmt"/>
        <line num="318" count="320" type="stmt"/>
        <line num="319" count="320" type="stmt"/>
        <line num="320" count="320" type="stmt"/>
        <line num="321" count="320" type="stmt"/>
        <line num="323" count="51" type="stmt"/>
        <line num="324" count="51" type="stmt"/>
        <line num="325" count="51" type="stmt"/>
        <line num="326" count="51" type="stmt"/>
        <line num="327" count="51" type="stmt"/>
        <line num="328" count="51" type="stmt"/>
        <line num="329" count="51" type="stmt"/>
        <line num="330" count="51" type="stmt"/>
        <line num="331" count="51" type="stmt"/>
        <line num="332" count="51" type="stmt"/>
        <line num="333" count="51" type="cond" truecount="1" falsecount="0"/>
        <line num="334" count="53" type="stmt"/>
        <line num="336" count="51" type="cond" truecount="1" falsecount="0"/>
        <line num="337" count="512" type="cond" truecount="1" falsecount="0"/>
        <line num="338" count="53" type="stmt"/>
        <line num="339" count="53" type="stmt"/>
        <line num="340" count="53" type="stmt"/>
        <line num="341" count="53" type="stmt"/>
        <line num="343" count="53" type="cond" truecount="1" falsecount="0"/>
        <line num="344" count="512" type="cond" truecount="1" falsecount="0"/>
        <line num="345" count="53" type="stmt"/>
        <line num="346" count="53" type="stmt"/>
        <line num="347" count="53" type="stmt"/>
        <line num="348" count="53" type="stmt"/>
        <line num="350" count="53" type="cond" truecount="1" falsecount="0"/>
        <line num="351" count="406" type="stmt"/>
        <line num="352" count="512" type="stmt"/>
        <line num="353" count="51" type="stmt"/>
        <line num="354" count="51" type="stmt"/>
        <line num="355" count="51" type="stmt"/>
        <line num="357" count="51" type="stmt"/>
        <line num="359" count="1" type="stmt"/>
      </file>
      <file name="mockedProducts.ts" path="C:\Users\house\Documents\projects\sample-main\sample-main\src\error_intercept\components\mockedProducts.ts">
        <metrics statements="70" coveredstatements="70" conditionals="3" coveredconditionals="3" methods="0" coveredmethods="0"/>
        <line num="1" count="1" type="stmt"/>
        <line num="35" count="1" type="stmt"/>
        <line num="36" count="1" type="stmt"/>
        <line num="37" count="1" type="cond" truecount="1" falsecount="0"/>
        <line num="38" count="500" type="stmt"/>
        <line num="39" count="500" type="stmt"/>
        <line num="40" count="500" type="stmt"/>
        <line num="41" count="500" type="stmt"/>
        <line num="42" count="500" type="stmt"/>
        <line num="43" count="500" type="stmt"/>
        <line num="44" count="500" type="stmt"/>
        <line num="45" count="500" type="stmt"/>
        <line num="46" count="500" type="stmt"/>
        <line num="47" count="500" type="stmt"/>
        <line num="48" count="500" type="stmt"/>
        <line num="49" count="500" type="stmt"/>
        <line num="50" count="500" type="stmt"/>
        <line num="51" count="500" type="stmt"/>
        <line num="52" count="500" type="stmt"/>
        <line num="53" count="500" type="stmt"/>
        <line num="54" count="500" type="stmt"/>
        <line num="55" count="500" type="stmt"/>
        <line num="56" count="500" type="stmt"/>
        <line num="57" count="500" type="stmt"/>
        <line num="58" count="500" type="stmt"/>
        <line num="59" count="500" type="stmt"/>
        <line num="60" count="500" type="stmt"/>
        <line num="61" count="500" type="stmt"/>
        <line num="62" count="500" type="stmt"/>
        <line num="63" count="500" type="stmt"/>
        <line num="64" count="500" type="stmt"/>
        <line num="65" count="500" type="stmt"/>
        <line num="66" count="500" type="stmt"/>
        <line num="67" count="500" type="stmt"/>
        <line num="68" count="500" type="stmt"/>
        <line num="69" count="500" type="stmt"/>
        <line num="70" count="500" type="stmt"/>
        <line num="71" count="500" type="stmt"/>
        <line num="72" count="500" type="stmt"/>
        <line num="73" count="500" type="stmt"/>
        <line num="74" count="500" type="stmt"/>
        <line num="75" count="500" type="stmt"/>
        <line num="76" count="500" type="stmt"/>
        <line num="77" count="500" type="stmt"/>
        <line num="78" count="500" type="stmt"/>
        <line num="79" count="500" type="stmt"/>
        <line num="82" count="500" type="stmt"/>
        <line num="83" count="500" type="stmt"/>
        <line num="84" count="500" type="stmt"/>
        <line num="86" count="500" type="stmt"/>
        <line num="87" count="500" type="stmt"/>
        <line num="88" count="500" type="stmt"/>
        <line num="89" count="500" type="stmt"/>
        <line num="90" count="500" type="stmt"/>
        <line num="91" count="500" type="cond" truecount="2" falsecount="0"/>
        <line num="92" count="500" type="stmt"/>
        <line num="93" count="500" type="stmt"/>
        <line num="94" count="500" type="stmt"/>
        <line num="95" count="500" type="stmt"/>
        <line num="96" count="500" type="stmt"/>
        <line num="97" count="500" type="stmt"/>
        <line num="98" count="500" type="stmt"/>
        <line num="99" count="500" type="stmt"/>
        <line num="100" count="500" type="stmt"/>
        <line num="101" count="500" type="stmt"/>
        <line num="102" count="500" type="stmt"/>
        <line num="103" count="500" type="stmt"/>
        <line num="104" count="500" type="stmt"/>
        <line num="105" count="500" type="stmt"/>
        <line num="106" count="500" type="stmt"/>
      </file>
    </package>
    <package name="src.error_intercept.hooks">
      <metrics statements="114" coveredstatements="111" conditionals="25" coveredconditionals="23" methods="4" coveredmethods="4"/>
      <file name="useErrorMonitor.ts" path="C:\Users\house\Documents\projects\sample-main\sample-main\src\error_intercept\hooks\useErrorMonitor.ts">
        <metrics statements="27" coveredstatements="27" conditionals="5" coveredconditionals="5" methods="1" coveredmethods="1"/>
        <line num="1" count="1" type="stmt"/>
        <line num="8" count="1" type="cond" truecount="1" falsecount="0"/>
        <line num="9" count="4" type="stmt"/>
        <line num="10" count="4" type="stmt"/>
        <line num="11" count="4" type="stmt"/>
        <line num="12" count="4" type="stmt"/>
        <line num="13" count="4" type="stmt"/>
        <line num="15" count="4" type="stmt"/>
        <line num="17" count="4" type="cond" truecount="1" falsecount="0"/>
        <line num="18" count="4" type="stmt"/>
        <line num="19" count="4" type="cond" truecount="1" falsecount="0"/>
        <line num="20" count="1" type="stmt"/>
        <line num="21" count="1" type="stmt"/>
        <line num="22" count="1" type="stmt"/>
        <line num="23" count="1" type="stmt"/>
        <line num="24" count="1" type="stmt"/>
        <line num="25" count="1" type="stmt"/>
        <line num="26" count="1" type="stmt"/>
        <line num="27" count="1" type="stmt"/>
        <line num="28" count="1" type="stmt"/>
        <line num="29" count="1" type="stmt"/>
        <line num="30" count="4" type="stmt"/>
        <line num="31" count="4" type="stmt"/>
        <line num="34" count="4" type="cond" truecount="1" falsecount="0"/>
        <line num="35" count="3" type="cond" truecount="1" falsecount="0"/>
        <line num="36" count="1" type="stmt"/>
        <line num="37" count="4" type="stmt"/>
      </file>
      <file name="useNetworkMonitor.ts" path="C:\Users\house\Documents\projects\sample-main\sample-main\src\error_intercept\hooks\useNetworkMonitor.ts">
        <metrics statements="87" coveredstatements="84" conditionals="20" coveredconditionals="18" methods="3" coveredmethods="3"/>
        <line num="1" count="1" type="stmt"/>
        <line num="6" count="1" type="cond" truecount="1" falsecount="0"/>
        <line num="7" count="13" type="stmt"/>
        <line num="8" count="13" type="stmt"/>
        <line num="9" count="13" type="stmt"/>
        <line num="10" count="13" type="stmt"/>
        <line num="12" count="13" type="stmt"/>
        <line num="13" count="13" type="stmt"/>
        <line num="15" count="13" type="cond" truecount="1" falsecount="0"/>
        <line num="16" count="5" type="cond" truecount="1" falsecount="0"/>
        <line num="17" count="5" type="stmt"/>
        <line num="18" count="5" type="stmt"/>
        <line num="19" count="5" type="stmt"/>
        <line num="20" count="5" type="stmt"/>
        <line num="21" count="5" type="cond" truecount="2" falsecount="0"/>
        <line num="22" count="5" type="stmt"/>
        <line num="23" count="13" type="stmt"/>
        <line num="25" count="13" type="cond" truecount="1" falsecount="0"/>
        <line num="26" count="8" type="stmt"/>
        <line num="27" count="8" type="cond" truecount="1" falsecount="0"/>
        <line num="28" count="3" type="stmt"/>
        <line num="29" count="3" type="stmt"/>
        <line num="30" count="3" type="cond" truecount="0" falsecount="1"/>
        <line num="31" count="0" type="stmt"/>
        <line num="32" count="0" type="stmt"/>
        <line num="33" count="0" type="stmt"/>
        <line num="34" count="3" type="stmt"/>
        <line num="36" count="3" type="stmt"/>
        <line num="37" count="3" type="cond" truecount="1" falsecount="0"/>
        <line num="38" count="1" type="stmt"/>
        <line num="39" count="1" type="stmt"/>
        <line num="40" count="3" type="cond" truecount="1" falsecount="0"/>
        <line num="41" count="2" type="stmt"/>
        <line num="42" count="2" type="cond" truecount="0" falsecount="1"/>
        <line num="43" count="2" type="stmt"/>
        <line num="44" count="2" type="stmt"/>
        <line num="45" count="2" type="stmt"/>
        <line num="46" count="3" type="stmt"/>
        <line num="47" count="13" type="stmt"/>
        <line num="49" count="13" type="cond" truecount="1" falsecount="0"/>
        <line num="50" count="8" type="stmt"/>
        <line num="51" count="8" type="cond" truecount="1" falsecount="0"/>
        <line num="53" count="3" type="stmt"/>
        <line num="54" count="3" type="stmt"/>
        <line num="55" count="3" type="stmt"/>
        <line num="56" count="3" type="stmt"/>
        <line num="57" count="3" type="stmt"/>
        <line num="58" count="3" type="stmt"/>
        <line num="59" count="3" type="stmt"/>
        <line num="61" count="3" type="cond" truecount="1" falsecount="0"/>
        <line num="62" count="1" type="stmt"/>
        <line num="63" count="1" type="stmt"/>
        <line num="64" count="1" type="stmt"/>
        <line num="65" count="1" type="stmt"/>
        <line num="66" count="1" type="stmt"/>
        <line num="67" count="3" type="stmt"/>
        <line num="69" count="3" type="cond" truecount="1" falsecount="0"/>
        <line num="70" count="1" type="stmt"/>
        <line num="71" count="1" type="stmt"/>
        <line num="72" count="1" type="stmt"/>
        <line num="73" count="1" type="stmt"/>
        <line num="74" count="1" type="stmt"/>
        <line num="75" count="3" type="stmt"/>
        <line num="77" count="3" type="cond" truecount="1" falsecount="0"/>
        <line num="78" count="2" type="stmt"/>
        <line num="79" count="2" type="stmt"/>
        <line num="80" count="2" type="stmt"/>
        <line num="81" count="2" type="stmt"/>
        <line num="82" count="2" type="stmt"/>
        <line num="83" count="2" type="stmt"/>
        <line num="84" count="2" type="stmt"/>
        <line num="85" count="2" type="stmt"/>
        <line num="86" count="2" type="cond" truecount="1" falsecount="0"/>
        <line num="87" count="1" type="stmt"/>
        <line num="88" count="3" type="stmt"/>
        <line num="89" count="13" type="stmt"/>
        <line num="91" count="13" type="cond" truecount="1" falsecount="0"/>
        <line num="92" count="8" type="stmt"/>
        <line num="93" count="8" type="stmt"/>
        <line num="95" count="8" type="cond" truecount="1" falsecount="0"/>
        <line num="96" count="8" type="stmt"/>
        <line num="97" count="8" type="stmt"/>
        <line num="98" count="8" type="cond" truecount="1" falsecount="0"/>
        <line num="99" count="8" type="stmt"/>
        <line num="100" count="13" type="stmt"/>
        <line num="102" count="13" type="stmt"/>
        <line num="103" count="13" type="stmt"/>
      </file>
    </package>
    <package name="src.error_intercept.types">
      <metrics statements="3" coveredstatements="0" conditionals="1" coveredconditionals="0" methods="1" coveredmethods="0"/>
      <file name="monitoring.ts" path="C:\Users\house\Documents\projects\sample-main\sample-main\src\error_intercept\types\monitoring.ts">
        <metrics statements="3" coveredstatements="0" conditionals="1" coveredconditionals="0" methods="1" coveredmethods="0"/>
        <line num="1" count="0" type="cond" truecount="0" falsecount="1"/>
        <line num="2" count="0" type="stmt"/>
        <line num="3" count="0" type="stmt"/>
      </file>
    </package>
    <package name="src.error_intercept.utils">
      <metrics statements="50" coveredstatements="15" conditionals="3" coveredconditionals="2" methods="5" coveredmethods="2"/>
      <file name="monitoring.ts" path="C:\Users\house\Documents\projects\sample-main\sample-main\src\error_intercept\utils\monitoring.ts">
        <metrics statements="20" coveredstatements="5" conditionals="2" coveredconditionals="1" methods="3" coveredmethods="1"/>
        <line num="1" count="1" type="stmt"/>
        <line num="7" count="1" type="stmt"/>
        <line num="8" count="0" type="stmt"/>
        <line num="9" count="0" type="stmt"/>
        <line num="10" count="0" type="stmt"/>
        <line num="11" count="0" type="stmt"/>
        <line num="12" count="0" type="stmt"/>
        <line num="13" count="0" type="stmt"/>
        <line num="15" count="1" type="stmt"/>
        <line num="16" count="0" type="stmt"/>
        <line num="17" count="0" type="stmt"/>
        <line num="18" count="0" type="stmt"/>
        <line num="19" count="0" type="stmt"/>
        <line num="21" count="1" type="cond" truecount="1" falsecount="0"/>
        <line num="22" count="1" type="cond" truecount="0" falsecount="1"/>
        <line num="23" count="0" type="stmt"/>
        <line num="25" count="0" type="stmt"/>
        <line num="26" count="0" type="stmt"/>
        <line num="27" count="0" type="stmt"/>
        <line num="28" count="0" type="stmt"/>
      </file>
      <file name="sentry.ts" path="C:\Users\house\Documents\projects\sample-main\sample-main\src\error_intercept\utils\sentry.ts">
        <metrics statements="30" coveredstatements="10" conditionals="1" coveredconditionals="1" methods="2" coveredmethods="1"/>
        <line num="1" count="1" type="stmt"/>
        <line num="12" count="1" type="stmt"/>
        <line num="13" count="1" type="stmt"/>
        <line num="15" count="1" type="stmt"/>
        <line num="16" count="0" type="stmt"/>
        <line num="17" count="0" type="stmt"/>
        <line num="18" count="0" type="stmt"/>
        <line num="19" count="0" type="stmt"/>
        <line num="21" count="0" type="stmt"/>
        <line num="22" count="0" type="stmt"/>
        <line num="23" count="0" type="stmt"/>
        <line num="24" count="0" type="stmt"/>
        <line num="25" count="0" type="stmt"/>
        <line num="26" count="0" type="stmt"/>
        <line num="27" count="0" type="stmt"/>
        <line num="28" count="0" type="stmt"/>
        <line num="29" count="0" type="stmt"/>
        <line num="30" count="0" type="stmt"/>
        <line num="31" count="0" type="stmt"/>
        <line num="32" count="0" type="stmt"/>
        <line num="33" count="0" type="stmt"/>
        <line num="34" count="0" type="stmt"/>
        <line num="35" count="0" type="stmt"/>
        <line num="36" count="0" type="stmt"/>
        <line num="38" count="1" type="cond" truecount="1" falsecount="0"/>
        <line num="39" count="1" type="stmt"/>
        <line num="40" count="1" type="stmt"/>
        <line num="41" count="1" type="stmt"/>
        <line num="42" count="1" type="stmt"/>
        <line num="44" count="1" type="stmt"/>
      </file>
    </package>
  </project>
</coverage>
